This is pdfTeX, Version 3.14159265-2.6-1.40.18 (TeX Live 2017/Debian) (preloaded format=pdflatex 2019.10.1)  18 JAN 2020 02:45
entering extended mode
 restricted \write18 enabled.
 %&-line parsing enabled.
**main.tex
(./main.tex
LaTeX2e <2017-04-15>
Babel <3.18> and hyphenation patterns for 3 language(s) loaded.
(/usr/share/texlive/texmf-dist/tex/latex/extsizes/extarticle.cls
Document Class: extarticle 1996/10/08 v1.0 Non Standard LaTeX document class
(/usr/share/texlive/texmf-dist/tex/latex/extsizes/size14.clo
File: size14.clo 1999/11/11 v1.4a NON-Standard LaTeX file (size option)
)
(/usr/share/texlive/texmf-dist/tex/latex/base/exscale.sty
Package: exscale 2014/09/29 v2.1h Standard LaTeX package exscale
LaTeX Font Info:    Redeclaring symbol font `largesymbols' on input line 57.
LaTeX Font Info:    Overwriting symbol font `largesymbols' in version `normal'
(Font)                  OMX/cmex/m/n --> OMX/cmex/m/n on input line 57.
LaTeX Font Info:    Overwriting symbol font `largesymbols' in version `bold'
(Font)                  OMX/cmex/m/n --> OMX/cmex/m/n on input line 57.
\big@size=\dimen102
)
\c@part=\count79
\c@section=\count80
\c@subsection=\count81
\c@subsubsection=\count82
\c@paragraph=\count83
\c@subparagraph=\count84
\c@figure=\count85
\c@table=\count86
\abovecaptionskip=\skip41
\belowcaptionskip=\skip42
\bibindent=\dimen103
)
(/usr/share/texlive/texmf-dist/tex/latex/geometry/geometry.sty
Package: geometry 2010/09/12 v5.6 Page Geometry

(/usr/share/texlive/texmf-dist/tex/latex/graphics/keyval.sty
Package: keyval 2014/10/28 v1.15 key=value parser (DPC)
\KV@toks@=\toks14
)
(/usr/share/texlive/texmf-dist/tex/generic/oberdiek/ifpdf.sty
Package: ifpdf 2017/03/15 v3.2 Provides the ifpdf switch
)
(/usr/share/texlive/texmf-dist/tex/generic/oberdiek/ifvtex.sty
Package: ifvtex 2016/05/16 v1.6 Detect VTeX and its facilities (HO)
Package ifvtex Info: VTeX not detected.
)
(/usr/share/texlive/texmf-dist/tex/generic/ifxetex/ifxetex.sty
Package: ifxetex 2010/09/12 v0.6 Provides ifxetex conditional
)
\Gm@cnth=\count87
\Gm@cntv=\count88
\c@Gm@tempcnt=\count89
\Gm@bindingoffset=\dimen104
\Gm@wd@mp=\dimen105
\Gm@odd@mp=\dimen106
\Gm@even@mp=\dimen107
\Gm@layoutwidth=\dimen108
\Gm@layoutheight=\dimen109
\Gm@layouthoffset=\dimen110
\Gm@layoutvoffset=\dimen111
\Gm@dimlist=\toks15
)
(/usr/share/texlive/texmf-dist/tex/latex/base/inputenc.sty
Package: inputenc 2015/03/17 v1.2c Input encoding file
\inpenc@prehook=\toks16
\inpenc@posthook=\toks17

(/usr/share/texlive/texmf-dist/tex/latex/base/utf8.def
File: utf8.def 2017/01/28 v1.1t UTF-8 support for inputenc
Now handling font encoding OML ...
... no UTF-8 mapping file for font encoding OML
Now handling font encoding T1 ...
... processing UTF-8 mapping file for font encoding T1

(/usr/share/texlive/texmf-dist/tex/latex/base/t1enc.dfu
File: t1enc.dfu 2017/01/28 v1.1t UTF-8 support for inputenc
   defining Unicode char U+00A0 (decimal 160)
   defining Unicode char U+00A1 (decimal 161)
   defining Unicode char U+00A3 (decimal 163)
   defining Unicode char U+00AB (decimal 171)
   defining Unicode char U+00AD (decimal 173)
   defining Unicode char U+00BB (decimal 187)
   defining Unicode char U+00BF (decimal 191)
   defining Unicode char U+00C0 (decimal 192)
   defining Unicode char U+00C1 (decimal 193)
   defining Unicode char U+00C2 (decimal 194)
   defining Unicode char U+00C3 (decimal 195)
   defining Unicode char U+00C4 (decimal 196)
   defining Unicode char U+00C5 (decimal 197)
   defining Unicode char U+00C6 (decimal 198)
   defining Unicode char U+00C7 (decimal 199)
   defining Unicode char U+00C8 (decimal 200)
   defining Unicode char U+00C9 (decimal 201)
   defining Unicode char U+00CA (decimal 202)
   defining Unicode char U+00CB (decimal 203)
   defining Unicode char U+00CC (decimal 204)
   defining Unicode char U+00CD (decimal 205)
   defining Unicode char U+00CE (decimal 206)
   defining Unicode char U+00CF (decimal 207)
   defining Unicode char U+00D0 (decimal 208)
   defining Unicode char U+00D1 (decimal 209)
   defining Unicode char U+00D2 (decimal 210)
   defining Unicode char U+00D3 (decimal 211)
   defining Unicode char U+00D4 (decimal 212)
   defining Unicode char U+00D5 (decimal 213)
   defining Unicode char U+00D6 (decimal 214)
   defining Unicode char U+00D8 (decimal 216)
   defining Unicode char U+00D9 (decimal 217)
   defining Unicode char U+00DA (decimal 218)
   defining Unicode char U+00DB (decimal 219)
   defining Unicode char U+00DC (decimal 220)
   defining Unicode char U+00DD (decimal 221)
   defining Unicode char U+00DE (decimal 222)
   defining Unicode char U+00DF (decimal 223)
   defining Unicode char U+00E0 (decimal 224)
   defining Unicode char U+00E1 (decimal 225)
   defining Unicode char U+00E2 (decimal 226)
   defining Unicode char U+00E3 (decimal 227)
   defining Unicode char U+00E4 (decimal 228)
   defining Unicode char U+00E5 (decimal 229)
   defining Unicode char U+00E6 (decimal 230)
   defining Unicode char U+00E7 (decimal 231)
   defining Unicode char U+00E8 (decimal 232)
   defining Unicode char U+00E9 (decimal 233)
   defining Unicode char U+00EA (decimal 234)
   defining Unicode char U+00EB (decimal 235)
   defining Unicode char U+00EC (decimal 236)
   defining Unicode char U+00ED (decimal 237)
   defining Unicode char U+00EE (decimal 238)
   defining Unicode char U+00EF (decimal 239)
   defining Unicode char U+00F0 (decimal 240)
   defining Unicode char U+00F1 (decimal 241)
   defining Unicode char U+00F2 (decimal 242)
   defining Unicode char U+00F3 (decimal 243)
   defining Unicode char U+00F4 (decimal 244)
   defining Unicode char U+00F5 (decimal 245)
   defining Unicode char U+00F6 (decimal 246)
   defining Unicode char U+00F8 (decimal 248)
   defining Unicode char U+00F9 (decimal 249)
   defining Unicode char U+00FA (decimal 250)
   defining Unicode char U+00FB (decimal 251)
   defining Unicode char U+00FC (decimal 252)
   defining Unicode char U+00FD (decimal 253)
   defining Unicode char U+00FE (decimal 254)
   defining Unicode char U+00FF (decimal 255)
   defining Unicode char U+0100 (decimal 256)
   defining Unicode char U+0101 (decimal 257)
   defining Unicode char U+0102 (decimal 258)
   defining Unicode char U+0103 (decimal 259)
   defining Unicode char U+0104 (decimal 260)
   defining Unicode char U+0105 (decimal 261)
   defining Unicode char U+0106 (decimal 262)
   defining Unicode char U+0107 (decimal 263)
   defining Unicode char U+0108 (decimal 264)
   defining Unicode char U+0109 (decimal 265)
   defining Unicode char U+010A (decimal 266)
   defining Unicode char U+010B (decimal 267)
   defining Unicode char U+010C (decimal 268)
   defining Unicode char U+010D (decimal 269)
   defining Unicode char U+010E (decimal 270)
   defining Unicode char U+010F (decimal 271)
   defining Unicode char U+0110 (decimal 272)
   defining Unicode char U+0111 (decimal 273)
   defining Unicode char U+0112 (decimal 274)
   defining Unicode char U+0113 (decimal 275)
   defining Unicode char U+0114 (decimal 276)
   defining Unicode char U+0115 (decimal 277)
   defining Unicode char U+0116 (decimal 278)
   defining Unicode char U+0117 (decimal 279)
   defining Unicode char U+0118 (decimal 280)
   defining Unicode char U+0119 (decimal 281)
   defining Unicode char U+011A (decimal 282)
   defining Unicode char U+011B (decimal 283)
   defining Unicode char U+011C (decimal 284)
   defining Unicode char U+011D (decimal 285)
   defining Unicode char U+011E (decimal 286)
   defining Unicode char U+011F (decimal 287)
   defining Unicode char U+0120 (decimal 288)
   defining Unicode char U+0121 (decimal 289)
   defining Unicode char U+0122 (decimal 290)
   defining Unicode char U+0123 (decimal 291)
   defining Unicode char U+0124 (decimal 292)
   defining Unicode char U+0125 (decimal 293)
   defining Unicode char U+0128 (decimal 296)
   defining Unicode char U+0129 (decimal 297)
   defining Unicode char U+012A (decimal 298)
   defining Unicode char U+012B (decimal 299)
   defining Unicode char U+012C (decimal 300)
   defining Unicode char U+012D (decimal 301)
   defining Unicode char U+012E (decimal 302)
   defining Unicode char U+012F (decimal 303)
   defining Unicode char U+0130 (decimal 304)
   defining Unicode char U+0131 (decimal 305)
   defining Unicode char U+0132 (decimal 306)
   defining Unicode char U+0133 (decimal 307)
   defining Unicode char U+0134 (decimal 308)
   defining Unicode char U+0135 (decimal 309)
   defining Unicode char U+0136 (decimal 310)
   defining Unicode char U+0137 (decimal 311)
   defining Unicode char U+0139 (decimal 313)
   defining Unicode char U+013A (decimal 314)
   defining Unicode char U+013B (decimal 315)
   defining Unicode char U+013C (decimal 316)
   defining Unicode char U+013D (decimal 317)
   defining Unicode char U+013E (decimal 318)
   defining Unicode char U+0141 (decimal 321)
   defining Unicode char U+0142 (decimal 322)
   defining Unicode char U+0143 (decimal 323)
   defining Unicode char U+0144 (decimal 324)
   defining Unicode char U+0145 (decimal 325)
   defining Unicode char U+0146 (decimal 326)
   defining Unicode char U+0147 (decimal 327)
   defining Unicode char U+0148 (decimal 328)
   defining Unicode char U+014A (decimal 330)
   defining Unicode char U+014B (decimal 331)
   defining Unicode char U+014C (decimal 332)
   defining Unicode char U+014D (decimal 333)
   defining Unicode char U+014E (decimal 334)
   defining Unicode char U+014F (decimal 335)
   defining Unicode char U+0150 (decimal 336)
   defining Unicode char U+0151 (decimal 337)
   defining Unicode char U+0152 (decimal 338)
   defining Unicode char U+0153 (decimal 339)
   defining Unicode char U+0154 (decimal 340)
   defining Unicode char U+0155 (decimal 341)
   defining Unicode char U+0156 (decimal 342)
   defining Unicode char U+0157 (decimal 343)
   defining Unicode char U+0158 (decimal 344)
   defining Unicode char U+0159 (decimal 345)
   defining Unicode char U+015A (decimal 346)
   defining Unicode char U+015B (decimal 347)
   defining Unicode char U+015C (decimal 348)
   defining Unicode char U+015D (decimal 349)
   defining Unicode char U+015E (decimal 350)
   defining Unicode char U+015F (decimal 351)
   defining Unicode char U+0160 (decimal 352)
   defining Unicode char U+0161 (decimal 353)
   defining Unicode char U+0162 (decimal 354)
   defining Unicode char U+0163 (decimal 355)
   defining Unicode char U+0164 (decimal 356)
   defining Unicode char U+0165 (decimal 357)
   defining Unicode char U+0168 (decimal 360)
   defining Unicode char U+0169 (decimal 361)
   defining Unicode char U+016A (decimal 362)
   defining Unicode char U+016B (decimal 363)
   defining Unicode char U+016C (decimal 364)
   defining Unicode char U+016D (decimal 365)
   defining Unicode char U+016E (decimal 366)
   defining Unicode char U+016F (decimal 367)
   defining Unicode char U+0170 (decimal 368)
   defining Unicode char U+0171 (decimal 369)
   defining Unicode char U+0172 (decimal 370)
   defining Unicode char U+0173 (decimal 371)
   defining Unicode char U+0174 (decimal 372)
   defining Unicode char U+0175 (decimal 373)
   defining Unicode char U+0176 (decimal 374)
   defining Unicode char U+0177 (decimal 375)
   defining Unicode char U+0178 (decimal 376)
   defining Unicode char U+0179 (decimal 377)
   defining Unicode char U+017A (decimal 378)
   defining Unicode char U+017B (decimal 379)
   defining Unicode char U+017C (decimal 380)
   defining Unicode char U+017D (decimal 381)
   defining Unicode char U+017E (decimal 382)
   defining Unicode char U+01CD (decimal 461)
   defining Unicode char U+01CE (decimal 462)
   defining Unicode char U+01CF (decimal 463)
   defining Unicode char U+01D0 (decimal 464)
   defining Unicode char U+01D1 (decimal 465)
   defining Unicode char U+01D2 (decimal 466)
   defining Unicode char U+01D3 (decimal 467)
   defining Unicode char U+01D4 (decimal 468)
   defining Unicode char U+01E2 (decimal 482)
   defining Unicode char U+01E3 (decimal 483)
   defining Unicode char U+01E6 (decimal 486)
   defining Unicode char U+01E7 (decimal 487)
   defining Unicode char U+01E8 (decimal 488)
   defining Unicode char U+01E9 (decimal 489)
   defining Unicode char U+01EA (decimal 490)
   defining Unicode char U+01EB (decimal 491)
   defining Unicode char U+01F0 (decimal 496)
   defining Unicode char U+01F4 (decimal 500)
   defining Unicode char U+01F5 (decimal 501)
   defining Unicode char U+0218 (decimal 536)
   defining Unicode char U+0219 (decimal 537)
   defining Unicode char U+021A (decimal 538)
   defining Unicode char U+021B (decimal 539)
   defining Unicode char U+0232 (decimal 562)
   defining Unicode char U+0233 (decimal 563)
   defining Unicode char U+1E02 (decimal 7682)
   defining Unicode char U+1E03 (decimal 7683)
   defining Unicode char U+200C (decimal 8204)
   defining Unicode char U+2010 (decimal 8208)
   defining Unicode char U+2011 (decimal 8209)
   defining Unicode char U+2012 (decimal 8210)
   defining Unicode char U+2013 (decimal 8211)
   defining Unicode char U+2014 (decimal 8212)
   defining Unicode char U+2015 (decimal 8213)
   defining Unicode char U+2018 (decimal 8216)
   defining Unicode char U+2019 (decimal 8217)
   defining Unicode char U+201A (decimal 8218)
   defining Unicode char U+201C (decimal 8220)
   defining Unicode char U+201D (decimal 8221)
   defining Unicode char U+201E (decimal 8222)
   defining Unicode char U+2030 (decimal 8240)
   defining Unicode char U+2031 (decimal 8241)
   defining Unicode char U+2039 (decimal 8249)
   defining Unicode char U+203A (decimal 8250)
   defining Unicode char U+2423 (decimal 9251)
   defining Unicode char U+1E20 (decimal 7712)
   defining Unicode char U+1E21 (decimal 7713)
)
Now handling font encoding OT1 ...
... processing UTF-8 mapping file for font encoding OT1

(/usr/share/texlive/texmf-dist/tex/latex/base/ot1enc.dfu
File: ot1enc.dfu 2017/01/28 v1.1t UTF-8 support for inputenc
   defining Unicode char U+00A0 (decimal 160)
   defining Unicode char U+00A1 (decimal 161)
   defining Unicode char U+00A3 (decimal 163)
   defining Unicode char U+00AD (decimal 173)
   defining Unicode char U+00B8 (decimal 184)
   defining Unicode char U+00BF (decimal 191)
   defining Unicode char U+00C5 (decimal 197)
   defining Unicode char U+00C6 (decimal 198)
   defining Unicode char U+00D8 (decimal 216)
   defining Unicode char U+00DF (decimal 223)
   defining Unicode char U+00E6 (decimal 230)
   defining Unicode char U+00EC (decimal 236)
   defining Unicode char U+00ED (decimal 237)
   defining Unicode char U+00EE (decimal 238)
   defining Unicode char U+00EF (decimal 239)
   defining Unicode char U+00F8 (decimal 248)
   defining Unicode char U+0131 (decimal 305)
   defining Unicode char U+0141 (decimal 321)
   defining Unicode char U+0142 (decimal 322)
   defining Unicode char U+0152 (decimal 338)
   defining Unicode char U+0153 (decimal 339)
   defining Unicode char U+0174 (decimal 372)
   defining Unicode char U+0175 (decimal 373)
   defining Unicode char U+0176 (decimal 374)
   defining Unicode char U+0177 (decimal 375)
   defining Unicode char U+0218 (decimal 536)
   defining Unicode char U+0219 (decimal 537)
   defining Unicode char U+021A (decimal 538)
   defining Unicode char U+021B (decimal 539)
   defining Unicode char U+2013 (decimal 8211)
   defining Unicode char U+2014 (decimal 8212)
   defining Unicode char U+2018 (decimal 8216)
   defining Unicode char U+2019 (decimal 8217)
   defining Unicode char U+201C (decimal 8220)
   defining Unicode char U+201D (decimal 8221)
)
Now handling font encoding OMS ...
... processing UTF-8 mapping file for font encoding OMS

(/usr/share/texlive/texmf-dist/tex/latex/base/omsenc.dfu
File: omsenc.dfu 2017/01/28 v1.1t UTF-8 support for inputenc
   defining Unicode char U+00A7 (decimal 167)
   defining Unicode char U+00B6 (decimal 182)
   defining Unicode char U+00B7 (decimal 183)
   defining Unicode char U+2020 (decimal 8224)
   defining Unicode char U+2021 (decimal 8225)
   defining Unicode char U+2022 (decimal 8226)
)
Now handling font encoding OMX ...
... no UTF-8 mapping file for font encoding OMX
Now handling font encoding U ...
... no UTF-8 mapping file for font encoding U
   defining Unicode char U+00A9 (decimal 169)
   defining Unicode char U+00AA (decimal 170)
   defining Unicode char U+00AE (decimal 174)
   defining Unicode char U+00BA (decimal 186)
   defining Unicode char U+02C6 (decimal 710)
   defining Unicode char U+02DC (decimal 732)
   defining Unicode char U+200C (decimal 8204)
   defining Unicode char U+2026 (decimal 8230)
   defining Unicode char U+2122 (decimal 8482)
   defining Unicode char U+2423 (decimal 9251)
))
(/usr/share/texlive/texmf-dist/tex/latex/graphics/graphicx.sty
Package: graphicx 2017/06/01 v1.1a Enhanced LaTeX Graphics (DPC,SPQR)

(/usr/share/texlive/texmf-dist/tex/latex/graphics/graphics.sty
Package: graphics 2017/06/25 v1.2c Standard LaTeX Graphics (DPC,SPQR)

(/usr/share/texlive/texmf-dist/tex/latex/graphics/trig.sty
Package: trig 2016/01/03 v1.10 sin cos tan (DPC)
)
(/usr/share/texlive/texmf-dist/tex/latex/graphics-cfg/graphics.cfg
File: graphics.cfg 2016/06/04 v1.11 sample graphics configuration
)
Package graphics Info: Driver file: pdftex.def on input line 99.

(/usr/share/texlive/texmf-dist/tex/latex/graphics-def/pdftex.def
File: pdftex.def 2018/01/08 v1.0l Graphics/color driver for pdftex
))
\Gin@req@height=\dimen112
\Gin@req@width=\dimen113
)
(/usr/share/texlive/texmf-dist/tex/latex/amsmath/amsmath.sty
Package: amsmath 2017/09/02 v2.17a AMS math features
\@mathmargin=\skip43

For additional information on amsmath, use the `?' option.
(/usr/share/texlive/texmf-dist/tex/latex/amsmath/amstext.sty
Package: amstext 2000/06/29 v2.01 AMS text

(/usr/share/texlive/texmf-dist/tex/latex/amsmath/amsgen.sty
File: amsgen.sty 1999/11/30 v2.0 generic functions
\@emptytoks=\toks18
\ex@=\dimen114
))
(/usr/share/texlive/texmf-dist/tex/latex/amsmath/amsbsy.sty
Package: amsbsy 1999/11/29 v1.2d Bold Symbols
\pmbraise@=\dimen115
)
(/usr/share/texlive/texmf-dist/tex/latex/amsmath/amsopn.sty
Package: amsopn 2016/03/08 v2.02 operator names
)
\inf@bad=\count90
LaTeX Info: Redefining \frac on input line 213.
\uproot@=\count91
\leftroot@=\count92
LaTeX Info: Redefining \overline on input line 375.
\classnum@=\count93
\DOTSCASE@=\count94
LaTeX Info: Redefining \ldots on input line 472.
LaTeX Info: Redefining \dots on input line 475.
LaTeX Info: Redefining \cdots on input line 596.
\Mathstrutbox@=\box26
\strutbox@=\box27
\big@size=\dimen116
LaTeX Font Info:    Redeclaring font encoding OML on input line 712.
LaTeX Font Info:    Redeclaring font encoding OMS on input line 713.
\macc@depth=\count95
\c@MaxMatrixCols=\count96
\dotsspace@=\muskip10
\c@parentequation=\count97
\dspbrk@lvl=\count98
\tag@help=\toks19
\row@=\count99
\column@=\count100
\maxfields@=\count101
\andhelp@=\toks20
\eqnshift@=\dimen117
\alignsep@=\dimen118
\tagshift@=\dimen119
\tagwidth@=\dimen120
\totwidth@=\dimen121
\lineht@=\dimen122
\@envbody=\toks21
\multlinegap=\skip44
\multlinetaggap=\skip45
\mathdisplay@stack=\toks22
LaTeX Info: Redefining \[ on input line 2817.
LaTeX Info: Redefining \] on input line 2818.
)
(/usr/share/texlive/texmf-dist/tex/latex/booktabs/booktabs.sty
Package: booktabs 2016/04/27 v1.618033 publication quality tables
\heavyrulewidth=\dimen123
\lightrulewidth=\dimen124
\cmidrulewidth=\dimen125
\belowrulesep=\dimen126
\belowbottomsep=\dimen127
\aboverulesep=\dimen128
\abovetopsep=\dimen129
\cmidrulesep=\dimen130
\cmidrulekern=\dimen131
\defaultaddspace=\dimen132
\@cmidla=\count102
\@cmidlb=\count103
\@aboverulesep=\dimen133
\@belowrulesep=\dimen134
\@thisruleclass=\count104
\@lastruleclass=\count105
\@thisrulewidth=\dimen135
)
(/usr/share/texlive/texmf-dist/tex/latex/tools/tabularx.sty
Package: tabularx 2016/02/03 v2.11 `tabularx' package (DPC)

(/usr/share/texlive/texmf-dist/tex/latex/tools/array.sty
Package: array 2016/10/06 v2.4d Tabular extension package (FMi)
\col@sep=\dimen136
\extrarowheight=\dimen137
\NC@list=\toks23
\extratabsurround=\skip46
\backup@length=\skip47
)
\TX@col@width=\dimen138
\TX@old@table=\dimen139
\TX@old@col=\dimen140
\TX@target=\dimen141
\TX@delta=\dimen142
\TX@cols=\count106
\TX@ftn=\toks24
)
(/usr/share/texlive/texmf-dist/tex/latex/ctable/ctable.sty
Package: ctable 2015/10/17 v1.31 ctable package for flexible typesetting of tab
le and figure floats using key/value directives

(/usr/share/texlive/texmf-dist/tex/latex/etoolbox/etoolbox.sty
Package: etoolbox 2018/02/11 v2.5e e-TeX tools for LaTeX (JAW)
\etb@tempcnta=\count107
)
(/usr/share/texlive/texmf-dist/tex/latex/xcolor/xcolor.sty
Package: xcolor 2016/05/11 v2.12 LaTeX color extensions (UK)

(/usr/share/texlive/texmf-dist/tex/latex/graphics-cfg/color.cfg
File: color.cfg 2016/01/02 v1.6 sample color configuration
)
Package xcolor Info: Driver file: pdftex.def on input line 225.
Package xcolor Info: Model `cmy' substituted by `cmy0' on input line 1348.
Package xcolor Info: Model `hsb' substituted by `rgb' on input line 1352.
Package xcolor Info: Model `RGB' extended on input line 1364.
Package xcolor Info: Model `HTML' substituted by `rgb' on input line 1366.
Package xcolor Info: Model `Hsb' substituted by `hsb' on input line 1367.
Package xcolor Info: Model `tHsb' substituted by `hsb' on input line 1368.
Package xcolor Info: Model `HSB' substituted by `hsb' on input line 1369.
Package xcolor Info: Model `Gray' substituted by `gray' on input line 1370.
Package xcolor Info: Model `wave' substituted by `hsb' on input line 1371.
)
(/usr/share/texlive/texmf-dist/tex/latex/xkeyval/xkeyval.sty
Package: xkeyval 2014/12/03 v2.7a package option processing (HA)

(/usr/share/texlive/texmf-dist/tex/generic/xkeyval/xkeyval.tex
(/usr/share/texlive/texmf-dist/tex/generic/xkeyval/xkvutils.tex
\XKV@toks=\toks25
\XKV@tempa@toks=\toks26
)
\XKV@depth=\count108
File: xkeyval.tex 2014/12/03 v2.7a key=value parser (HA)
))
(/usr/share/texlive/texmf-dist/tex/latex/graphics/rotating.sty
Package: rotating 2016/08/11 v2.16d rotated objects in LaTeX

(/usr/share/texlive/texmf-dist/tex/latex/base/ifthen.sty
Package: ifthen 2014/09/29 v1.1c Standard LaTeX ifthen package (DPC)
)
\c@r@tfl@t=\count109
\rotFPtop=\skip48
\rotFPbot=\skip49
\rot@float@box=\box28
\rot@mess@toks=\toks27
)
(/usr/share/texlive/texmf-dist/tex/latex/oberdiek/transparent.sty
Package: transparent 2016/05/16 v1.1 Transparency via pdfTeX's color stack (HO)


(/usr/share/texlive/texmf-dist/tex/latex/oberdiek/auxhook.sty
Package: auxhook 2016/05/16 v1.4 Hooks for auxiliary files (HO)
))
\@CTframesep=\dimen143
\@dfltCTframesep=\dimen144
\@CTframerule=\dimen145
\@dfltCTframerule=\dimen146
\@CTwidth=\dimen147
\@dfltCTwidth=\dimen148
\@CTcaptionskip=\dimen149
\@dfltCTcaptionskip=\dimen150
\@CTmaxwidth=\dimen151
\@dfltCTmaxwidth=\dimen152
\@CTmincapwidth=\dimen153
\@dfltCTmincapwidth=\dimen154
\@CTfooterwidth=\dimen155
\@dfltCTfooterwidth=\dimen156
\@CTw=\dimen157
\@CTfloatwidth=\dimen158
\@CToldsep=\dimen159
\@CToldrule=\dimen160
\CT@t=\box29
\@CTcurftwidth=\dimen161
) (./main.aux
(./portada.aux) (./introduccion.aux) (./revision_de_antecedentes.aux)
(./marco_teorico.aux) (./definiciones_trabajo.aux)
(./analisis_resultados_trabajo.aux) (./conclusiones.aux) (./anexo.aux))
\openout1 = `main.aux'.

LaTeX Font Info:    Checking defaults for OML/cmm/m/it on input line 14.
LaTeX Font Info:    ... okay on input line 14.
LaTeX Font Info:    Checking defaults for T1/cmr/m/n on input line 14.
LaTeX Font Info:    ... okay on input line 14.
LaTeX Font Info:    Checking defaults for OT1/cmr/m/n on input line 14.
LaTeX Font Info:    ... okay on input line 14.
LaTeX Font Info:    Checking defaults for OMS/cmsy/m/n on input line 14.
LaTeX Font Info:    ... okay on input line 14.
LaTeX Font Info:    Checking defaults for OMX/cmex/m/n on input line 14.
LaTeX Font Info:    ... okay on input line 14.
LaTeX Font Info:    Checking defaults for U/cmr/m/n on input line 14.
LaTeX Font Info:    ... okay on input line 14.

*geometry* driver: auto-detecting
*geometry* detected driver: pdftex
*geometry* verbose mode - [ preamble ] result:
* driver: pdftex
* paper: a4paper
* layout: <same size as paper>
* layoutoffset:(h,v)=(0.0pt,0.0pt)
* modes: 
* h-part:(L,W,R)=(89.62709pt, 418.25368pt, 89.6271pt)
* v-part:(T,H,B)=(101.40665pt, 591.5302pt, 152.11pt)
* \paperwidth=597.50787pt
* \paperheight=845.04684pt
* \textwidth=418.25368pt
* \textheight=591.5302pt
* \oddsidemargin=17.3571pt
* \evensidemargin=17.3571pt
* \topmargin=-9.86334pt
* \headheight=14.0pt
* \headsep=25.0pt
* \topskip=14.0pt
* \footskip=30.0pt
* \marginparwidth=15.0pt
* \marginparsep=10.0pt
* \columnsep=10.0pt
* \skip\footins=12.0pt plus 4.0pt minus 2.0pt
* \hoffset=0.0pt
* \voffset=0.0pt
* \mag=1000
* \@twocolumnfalse
* \@twosidefalse
* \@mparswitchfalse
* \@reversemarginfalse
* (1in=72.27pt=25.4mm, 1cm=28.453pt)

(/usr/share/texlive/texmf-dist/tex/context/base/mkii/supp-pdf.mkii
[Loading MPS to PDF converter (version 2006.09.02).]
\scratchcounter=\count110
\scratchdimen=\dimen162
\scratchbox=\box30
\nofMPsegments=\count111
\nofMParguments=\count112
\everyMPshowfont=\toks28
\MPscratchCnt=\count113
\MPscratchDim=\dimen163
\MPnumerator=\count114
\makeMPintoPDFobject=\count115
\everyMPtoPDFconversion=\toks29
) (/usr/share/texlive/texmf-dist/tex/latex/oberdiek/epstopdf-base.sty
Package: epstopdf-base 2016/05/15 v2.6 Base part for package epstopdf

(/usr/share/texlive/texmf-dist/tex/generic/oberdiek/infwarerr.sty
Package: infwarerr 2016/05/16 v1.4 Providing info/warning/error messages (HO)
)
(/usr/share/texlive/texmf-dist/tex/latex/oberdiek/grfext.sty
Package: grfext 2016/05/16 v1.2 Manage graphics extensions (HO)

(/usr/share/texlive/texmf-dist/tex/generic/oberdiek/kvdefinekeys.sty
Package: kvdefinekeys 2016/05/16 v1.4 Define keys (HO)

(/usr/share/texlive/texmf-dist/tex/generic/oberdiek/ltxcmds.sty
Package: ltxcmds 2016/05/16 v1.23 LaTeX kernel commands for general use (HO)
)))
(/usr/share/texlive/texmf-dist/tex/latex/oberdiek/kvoptions.sty
Package: kvoptions 2016/05/16 v3.12 Key value format for package options (HO)

(/usr/share/texlive/texmf-dist/tex/generic/oberdiek/kvsetkeys.sty
Package: kvsetkeys 2016/05/16 v1.17 Key value parser (HO)

(/usr/share/texlive/texmf-dist/tex/generic/oberdiek/etexcmds.sty
Package: etexcmds 2016/05/16 v1.6 Avoid name clashes with e-TeX commands (HO)

(/usr/share/texlive/texmf-dist/tex/generic/oberdiek/ifluatex.sty
Package: ifluatex 2016/05/16 v1.4 Provides the ifluatex switch (HO)
Package ifluatex Info: LuaTeX not detected.
)
Package etexcmds Info: Could not find \expanded.
(etexcmds)             That can mean that you are not using pdfTeX 1.50 or
(etexcmds)             that some package has redefined \expanded.
(etexcmds)             In the latter case, load this package earlier.
)))
(/usr/share/texlive/texmf-dist/tex/generic/oberdiek/pdftexcmds.sty
Package: pdftexcmds 2018/01/21 v0.26 Utility functions of pdfTeX for LuaTeX (HO
)
Package pdftexcmds Info: LuaTeX not detected.
Package pdftexcmds Info: \pdf@primitive is available.
Package pdftexcmds Info: \pdf@ifprimitive is available.
Package pdftexcmds Info: \pdfdraftmode found.
)
Package epstopdf-base Info: Redefining graphics rule for `.eps' on input line 4
38.
Package grfext Info: Graphics extension search list:
(grfext)             [.pdf,.png,.jpg,.mps,.jpeg,.jbig2,.jb2,.PDF,.PNG,.JPG,.JPE
G,.JBIG2,.JB2,.eps]
(grfext)             \AppendGraphicsExtensions on input line 456.

(/usr/share/texlive/texmf-dist/tex/latex/latexconfig/epstopdf-sys.cfg
File: epstopdf-sys.cfg 2010/07/13 v1.3 Configuration of (r)epstopdf for TeX Liv
e
))
\openout2 = `portada.aux'.


(./portada.tex [1


{/var/lib/texmf/fonts/map/pdftex/updmap/pdftex.map}])
\openout2 = `introduccion.aux'.


(./introduccion.tex [1


] [2]
LaTeX Font Info:    Try loading font information for OMS+cmr on input line 39.

(/usr/share/texlive/texmf-dist/tex/latex/base/omscmr.fd
File: omscmr.fd 2014/09/29 v2.5h Standard LaTeX font definitions
)
LaTeX Font Info:    Font shape `OMS/cmr/m/n' in size <14.4> not available
(Font)              Font shape `OMS/cmsy/m/n' tried instead on input line 39.

Overfull \hbox (11.71265pt too wide) in paragraph at lines 39--40
\OT1/cmr/m/n/14.4 ficar las es-ce-nas de cada propiedad de la que se tiene cono
cimiento
 []

[3]
Overfull \hbox (31.52574pt too wide) in paragraph at lines 43--44
[]\OT1/cmr/m/n/14.4 Valoraci^^Son au-tom^^Satica o re-fi-namiento de val-o-raci
ones de propiedades
 []

[4]
Overfull \hbox (7.36272pt too wide) in paragraph at lines 52--53
[]\OT1/cmr/m/n/14.4 Por otro lado, en ac-tivi-dades como el con-trol o chequeo 
de im^^Sagenes
 []


Overfull \hbox (3.40938pt too wide) in paragraph at lines 54--55
\OT1/cmr/m/n/14.4 de obtener la relaci^^Son en-tre pre-cio con el que se venden
 las propiedades
 []

[5]) [6] [7]
\openout2 = `revision_de_antecedentes.aux'.

 (./revision_de_antecedentes.tex
Overfull \hbox (4.13818pt too wide) in paragraph at lines 2--2
[]\OT1/cmr/bx/n/17.28 Clasificaci^^Son de es-ce-nas me-di-ante Re-des Neu-
 []

<images/lstm_clahe_example.png, id=32, 908.39375pt x 772.8875pt>
File: images/lstm_clahe_example.png Graphic file (type png)
<use images/lstm_clahe_example.png>
Package pdftex.def Info: images/lstm_clahe_example.png  used on input line 11.
(pdftex.def)             Requested size: 418.2543pt x 295.76413pt.

LaTeX Warning: `h' float specifier changed to `ht'.

[8


] [9 <./images/lstm_clahe_example.png>]
<images/lstm_architecture.png, id=41, 856.19875pt x 351.3125pt>
File: images/lstm_architecture.png Graphic file (type png)
<use images/lstm_architecture.png>
Package pdftex.def Info: images/lstm_architecture.png  used on input line 23.
(pdftex.def)             Requested size: 418.24767pt x 177.46768pt.

Overfull \hbox (4.13818pt too wide) in paragraph at lines 33--33
[]\OT1/cmr/bx/n/17.28 Clasificaci^^Son de es-ce-nas me-di-ante Re-des Neu-
 []

[10 <./images/lstm_architecture.png>] [11] [12]
<images/places_metrics.png, id=59, 770.88pt x 162.6075pt>
File: images/places_metrics.png Graphic file (type png)
<use images/places_metrics.png>
Package pdftex.def Info: images/places_metrics.png  used on input line 66.
(pdftex.def)             Requested size: 418.25368pt x 88.22357pt.


LaTeX Warning: `!h' float specifier changed to `!ht'.

[13]
<images/places_metrics_hybrid.png, id=63, 1252.68pt x 73.27374pt>
File: images/places_metrics_hybrid.png Graphic file (type png)
<use images/places_metrics_hybrid.png>
Package pdftex.def Info: images/places_metrics_hybrid.png  used on input line 7
6.
(pdftex.def)             Requested size: 418.25368pt x 24.4655pt.
<images/objects_detectors_emerge_min_representation_examples.png, id=64, 1290.8
225pt x 538.01pt>
File: images/objects_detectors_emerge_min_representation_examples.png Graphic f
ile (type png)
<use images/objects_detectors_emerge_min_representation_examples.png>
Package pdftex.def Info: images/objects_detectors_emerge_min_representation_exa
mples.png  used on input line 89.
(pdftex.def)             Requested size: 418.25368pt x 174.32578pt.
 [14 <./images/places_metrics.png> <./images/places_metrics_hybrid.png>]

LaTeX Warning: `!h' float specifier changed to `!ht'.

<images/objects_detectors_emerge_final_example.png, id=70, 1078.0275pt x 781.92
125pt>
File: images/objects_detectors_emerge_final_example.png Graphic file (type png)

<use images/objects_detectors_emerge_final_example.png>
Package pdftex.def Info: images/objects_detectors_emerge_final_example.png  use
d on input line 98.
(pdftex.def)             Requested size: 418.25772pt x 414.07028pt.
[15]

LaTeX Warning: `!h' float specifier changed to `!ht'.


Overfull \hbox (14.48598pt too wide) in paragraph at lines 104--105
[]\OT1/cmr/m/n/14.4 En [[]] Her-ranz y otros, bas^^Sandose en la idea de que el
 re-conocimiento
 []

[16 <./images/objects_detectors_emerge_min_representation_examples.png>]
[17 <./images/objects_detectors_emerge_final_example.png>] [18] [19]
<images/gbrcnn_architecture.png, id=89, 1072.005pt x 738.76pt>
File: images/gbrcnn_architecture.png Graphic file (type png)
<use images/gbrcnn_architecture.png>
Package pdftex.def Info: images/gbrcnn_architecture.png  used on input line 135
.
(pdftex.def)             Requested size: 418.25368pt x 288.22795pt.
 [20 <./images/gbrcnn_architecture.png>]
Overfull \hbox (11.0301pt too wide) in paragraph at lines 145--145
[]\OT1/cmr/bx/n/17.28 Clasificaci^^Son de es-ce-nas me-di-ante Apren-dizaje
 []


LaTeX Warning: Citation `raahlen2019image' on page 21 undefined on input line 1
46.

<images/transfer_learning_dataset.png, id=94, 963.6pt x 551.05875pt>
File: images/transfer_learning_dataset.png Graphic file (type png)
<use images/transfer_learning_dataset.png>
Package pdftex.def Info: images/transfer_learning_dataset.png  used on input li
ne 151.
(pdftex.def)             Requested size: 292.77629pt x 167.42941pt.

Overfull \hbox (2.31268pt too wide) in paragraph at lines 146--155
\OT1/cmr/m/n/14.4 dizaje me-di-ante trans-fer-en-cia para clasi-ficar im^^Sagen
es de propiedades.
 []


LaTeX Warning: `!h' float specifier changed to `!ht'.

<images/metrics_transfer_learning.png, id=95, 982.67125pt x 417.56pt>
File: images/metrics_transfer_learning.png Graphic file (type png)
<use images/metrics_transfer_learning.png>
Package pdftex.def Info: images/metrics_transfer_learning.png  used on input li
ne 162.
(pdftex.def)             Requested size: 250.95476pt x 106.63248pt.
[21]

LaTeX Warning: `!h' float specifier changed to `!ht'.

<images/metrics_transfer_learning_fine_tunned.png, id=99, 654.445pt x 275.0275p
t>
File: images/metrics_transfer_learning_fine_tunned.png Graphic file (type png)
<use images/metrics_transfer_learning_fine_tunned.png>
Package pdftex.def Info: images/metrics_transfer_learning_fine_tunned.png  used
 on input line 170.
(pdftex.def)             Requested size: 292.77629pt x 123.03522pt.

LaTeX Warning: `!h' float specifier changed to `!ht'.

[22 <./images/transfer_learning_dataset.png>]
Overfull \hbox (1.66612pt too wide) in paragraph at lines 178--178
[]\OT1/cmr/bx/n/17.28 Otros tra-ba-jos rela-ciona-dos a las propiedades
 []


Overfull \hbox (14.17007pt too wide) in paragraph at lines 178--178
\OT1/cmr/bx/n/17.28 in-mue-bles que toman prove-cho de las im^^Sagenes
 []

<images/vision_based_example_3c.png, id=104, 1230.5975pt x 911.405pt>
File: images/vision_based_example_3c.png Graphic file (type png)
<use images/vision_based_example_3c.png>
Package pdftex.def Info: images/vision_based_example_3c.png  used on input line
 184.
(pdftex.def)             Requested size: 376.42575pt x 278.77776pt.
[23 <./images/metrics_transfer_learning.png> <./images/metrics_transfer_learnin
g_fine_tunned.png>]

LaTeX Warning: Reference `embedding' on page 24 undefined on input line 189.


LaTeX Warning: Reference `fig:vision_based_example_3c' on page 24 undefined on 
input line 189.

<./images/arquitectura_vision_based.png, id=110, 1392.20125pt x 400.49625pt>
File: ./images/arquitectura_vision_based.png Graphic file (type png)
<use ./images/arquitectura_vision_based.png>
Package pdftex.def Info: ./images/arquitectura_vision_based.png  used on input 
line 193.
(pdftex.def)             Requested size: 418.23717pt x 207.04314pt.
[24 <./images/vision_based_example_3c.png>]
Overfull \hbox (9.69708pt too wide) in paragraph at lines 198--199
[]\OT1/cmr/m/n/14.4 Finalmente, con la ar-qui-tec-tura uti-lizada (ver Fig. 12[
]) de-mostraron
 []

[25 <./images/arquitectura_vision_based.png>]) [26] [27]
\openout2 = `marco_teorico.aux'.

 (./marco_teorico.tex
Overfull \hbox (5.95273pt too wide) in paragraph at lines 6--7
[]\OT1/cmr/m/n/14.4 Los primeros se uti-lizan cuando para un con-junto de en-tr
e-namiento
 []


Overfull \hbox (2.34943pt too wide) in paragraph at lines 13--14
[]\OT1/cmr/m/n/14.4 En este tra-bajo se con-tar^^Sa tanto con un con-junto de e
n-tre-namiento
 []

[28


]
<images/representacion_neurona.png, id=129, 1188.44pt x 653.44125pt>
File: images/representacion_neurona.png Graphic file (type png)
<use images/representacion_neurona.png>
Package pdftex.def Info: images/representacion_neurona.png  used on input line 
31.
(pdftex.def)             Requested size: 334.60422pt x 183.97931pt.


LaTeX Warning: `!h' float specifier changed to `!ht'.

[29]
<images/red_neuronal.png, id=133, 1322.9425pt x 865.2325pt>
File: images/red_neuronal.png Graphic file (type png)
<use images/red_neuronal.png>
Package pdftex.def Info: images/red_neuronal.png  used on input line 52.
(pdftex.def)             Requested size: 292.77629pt x 191.47394pt.


LaTeX Warning: `!h' float specifier changed to `!ht'.

[30 <./images/representacion_neurona.png>]

LaTeX Warning: Citation `zhao2016loss' on page 31 undefined on input line 71.

[31 <./images/red_neuronal.png (PNG copy)>]

LaTeX Warning: Citation `choi2019empirical' on page 32 undefined on input line 
87.


Overfull \hbox (27.4158pt too wide) in paragraph at lines 90--91
\OT1/cmr/m/n/14.4 son-al-izada, que lla-mare-mos de ahora en m^^Sas En-trop^^S^
^Pa Cruzada Categ^^Sorica
 []

[32]

LaTeX Warning: Citation `baldi2013understanding' on page 33 undefined on input 
line 100.

[33]
<images/activations_sigmoid.png, id=148, 1047.915pt x 540.0175pt>
File: images/activations_sigmoid.png Graphic file (type png)
<use images/activations_sigmoid.png>
Package pdftex.def Info: images/activations_sigmoid.png  used on input line 131
.
(pdftex.def)             Requested size: 292.77629pt x 150.87427pt.
<images/activations_tanh.png, id=149, 1059.96pt x 541.02126pt>
File: images/activations_tanh.png Graphic file (type png)
<use images/activations_tanh.png>
Package pdftex.def Info: images/activations_tanh.png  used on input line 143.
(pdftex.def)             Requested size: 292.77629pt x 149.43759pt.


LaTeX Warning: `!h' float specifier changed to `!ht'.

<images/activations_relu.png, id=150, 1039.885pt x 528.97626pt>
File: images/activations_relu.png Graphic file (type png)
<use images/activations_relu.png>
Package pdftex.def Info: images/activations_relu.png  used on input line 151.
(pdftex.def)             Requested size: 292.77629pt x 148.92755pt.
[34]

LaTeX Warning: `!h' float specifier changed to `!ht'.

[35 <./images/activations_sigmoid.png> <./images/activations_tanh.png>]
<images/convolution.png, id=159, 680.5425pt x 463.7325pt>
File: images/convolution.png Graphic file (type png)
<use images/convolution.png>
Package pdftex.def Info: images/convolution.png  used on input line 174.
(pdftex.def)             Requested size: 292.77629pt x 199.50014pt.


LaTeX Warning: `!h' float specifier changed to `!ht'.

[36 <./images/activations_relu.png>] [37 <./images/convolution.png (PNG copy)>]
<images/cnn_explanation.png, id=168, 2164.085pt x 935.495pt>
File: images/cnn_explanation.png Graphic file (type png)
<use images/cnn_explanation.png>
Package pdftex.def Info: images/cnn_explanation.png  used on input line 195.
(pdftex.def)             Requested size: 313.69025pt x 135.59334pt.

Overfull \hbox (15.58759pt too wide) in paragraph at lines 200--203
[]\OT1/cmr/m/n/14.4 Existen muchas con-fig-u-ra-ciones de re-des neu-ronales co
n-volu-cionales,
 []

[38 <./images/cnn_explanation.png (PNG copy)>]
Overfull \hbox (10.04015pt too wide) in paragraph at lines 204--204
[]\OT1/cmr/bx/n/17.28 Redes preen-tre-nadas y Apren-dizaje por trans-
 []

<images/vgg16.png, id=172, 903.375pt x 508.90125pt>
File: images/vgg16.png Graphic file (type png)
<use images/vgg16.png>
Package pdftex.def Info: images/vgg16.png  used on input line 212.
(pdftex.def)             Requested size: 418.25368pt x 235.61938pt.

LaTeX Warning: `!h' float specifier changed to `!ht'.

[39]
<images/googlenet.png, id=176, 1797.71625pt x 402.50375pt>
File: images/googlenet.png Graphic file (type png)
<use images/googlenet.png>
Package pdftex.def Info: images/googlenet.png  used on input line 226.
(pdftex.def)             Requested size: 418.25368pt x 93.64256pt.
) [40 <./images/vgg16.png>] [41 <./images/googlenet.png (PNG copy)>]
\openout2 = `definiciones_trabajo.aux'.


(./definiciones_trabajo.tex
Overfull \hbox (15.20625pt too wide) in paragraph at lines 8--9
[]\OT1/cmr/m/n/14.4 Las re-des preen-tre-nadas a descar-gar, PlacesCNN e Im-a-g
enetCNN,
 []


Overfull \hbox (6.46439pt too wide) in paragraph at lines 16--17
[]\OT1/cmr/m/n/14.4 Tanto los tiem-pos de en-tre-namiento y predicci^^Son como 
el tama~no
 []

[42


]
Overfull \hbox (10.30264pt too wide) in paragraph at lines 31--32
\OT1/cmr/m/n/14.4 Teniendo en cuenta tanto las lim-ita-ciones como las asun-cio
nes definidas
 []


Overfull \hbox (10.61598pt too wide) in paragraph at lines 34--35
\OT1/cmr/m/n/14.4 Como se pudo ob-ser-var en la re-visi^^Son de an-tecedentes, 
ex-is-ten m^^Sultiples
 []

[43] [44]
Overfull \hbox (22.34435pt too wide) in paragraph at lines 60--61
\OT1/cmr/m/n/14.4 par-tir de la red Im-a-geNetCNN posi-bilita mejo-rar los re-s
ul-ta-dos obtenidos
 []


Overfull \hbox (43.02559pt too wide) in paragraph at lines 65--66
[]\OT1/cmr/m/n/14.4 Hip^^Sotesis: "Re-alizar apren-dizaje por trans-fer-en-cia 
uti-lizando PlacesCNN
 []


LaTeX Warning: `!h' float specifier changed to `!ht'.


LaTeX Warning: `!h' float specifier changed to `!ht'.

[45] [46]
Overfull \hbox (58.5825pt too wide) in paragraph at lines 144--153
 [][] 
 []


LaTeX Warning: `!h' float specifier changed to `!ht'.

[47]

LaTeX Warning: `!h' float specifier changed to `!ht'.


LaTeX Warning: `!h' float specifier changed to `!ht'.


Overfull \hbox (37.39609pt too wide) in paragraph at lines 224--234
 [][] 
 []


LaTeX Warning: `!h' float specifier changed to `!ht'.

[48]
Overfull \hbox (27.7146pt too wide) in paragraph at lines 246--254
 [][] 
 []


LaTeX Warning: `!h' float specifier changed to `!ht'.

[49] [50] [51]
Overfull \hbox (14.77184pt too wide) in paragraph at lines 279--280
\OT1/cmr/m/n/14.4 tal-mente conec-tada con ac-ti-vaci^^Son $\OML/cmm/m/it/14.4 
Relu$ \OT1/cmr/m/n/14.4 de 256 neu-ronas (tambi^^Sen
 []


Overfull \hbox (64.60912pt too wide) in paragraph at lines 288--306
 [][] 
 []


LaTeX Warning: `!h' float specifier changed to `!ht'.

[52] [53]
Overfull \hbox (58.45755pt too wide) in paragraph at lines 326--340
 [][] 
 []

[54]
<images/normal_vs_clahe_png.png, id=227, 473.77pt x 669.50125pt>
File: images/normal_vs_clahe_png.png Graphic file (type png)
<use images/normal_vs_clahe_png.png>
Package pdftex.def Info: images/normal_vs_clahe_png.png  used on input line 353
.
(pdftex.def)             Requested size: 418.2635pt x 591.58406pt.


LaTeX Warning: Float too large for page by 46.85385pt on input line 356.


LaTeX Warning: `!h' float specifier changed to `!ht'.


Overfull \hbox (64.60912pt too wide) in paragraph at lines 360--368
 [][] 
 []

) [55] [56 <./images/normal_vs_clahe_png.png>]
\openout2 = `analisis_resultados_trabajo.aux'.


(./analisis_resultados_trabajo.tex

LaTeX Warning: `!h' float specifier changed to `!ht'.


LaTeX Warning: `!h' float specifier changed to `!ht'.


Overfull \hbox (1.10011pt too wide) in paragraph at lines 46--46
[]\OT1/cmr/bx/n/17.28 Distribuci^^Son de prob-a-bil-i-dades de sal-ida para
 []

[57


]

LaTeX Warning: `!h' float specifier changed to `!ht'.


LaTeX Warning: `!h' float specifier changed to `!ht'.

[58]
<images/results_exp_2_errors_by_threshold.png, id=241, 1440.38126pt x 838.13126
pt>
File: images/results_exp_2_errors_by_threshold.png Graphic file (type png)
<use images/results_exp_2_errors_by_threshold.png>
Package pdftex.def Info: images/results_exp_2_errors_by_threshold.png  used on 
input line 100.
(pdftex.def)             Requested size: 460.08159pt x 267.70871pt.

Overfull \hbox (41.82791pt too wide) in paragraph at lines 100--101
 [][] 
 []


LaTeX Warning: `!h' float specifier changed to `!ht'.

<images/results_exp_6_errors_by_threshold.png, id=242, 1441.385pt x 830.10126pt
>
File: images/results_exp_6_errors_by_threshold.png Graphic file (type png)
<use images/results_exp_6_errors_by_threshold.png>
Package pdftex.def Info: images/results_exp_6_errors_by_threshold.png  used on 
input line 107.
(pdftex.def)             Requested size: 460.08159pt x 264.95384pt.

Overfull \hbox (41.82791pt too wide) in paragraph at lines 107--108
 [][] 
 []


LaTeX Warning: `!h' float specifier changed to `!ht'.

[59]
<images/results_exp_2_distribution_of_pred_proba.png, id=246, 1477.52pt x 775.8
9874pt>
File: images/results_exp_2_distribution_of_pred_proba.png Graphic file (type pn
g)
<use images/results_exp_2_distribution_of_pred_proba.png>
Package pdftex.def Info: images/results_exp_2_distribution_of_pred_proba.png  u
sed on input line 116.
(pdftex.def)             Requested size: 460.08159pt x 241.6035pt.

Overfull \hbox (41.82791pt too wide) in paragraph at lines 116--117
 [][] 
 []


LaTeX Warning: `!h' float specifier changed to `!ht'.

<images/results_exp_6_distribution_of_pred_proba.png, id=247, 1483.5425pt x 785
.93625pt>
File: images/results_exp_6_distribution_of_pred_proba.png Graphic file (type pn
g)
<use images/results_exp_6_distribution_of_pred_proba.png>
Package pdftex.def Info: images/results_exp_6_distribution_of_pred_proba.png  u
sed on input line 123.
(pdftex.def)             Requested size: 460.08159pt x 243.73366pt.

Overfull \hbox (41.82791pt too wide) in paragraph at lines 123--124
 [][] 
 []


LaTeX Warning: `!h' float specifier changed to `!ht'.


Overfull \hbox (12.00209pt too wide) in paragraph at lines 130--130
[]\OT1/cmr/bx/n/17.28 Exactitud categ^^Sorica ca-sos que de-ber^^S^^Pan poder
 []

[60 <./images/results_exp_2_errors_by_threshold.png>]

LaTeX Warning: `!h' float specifier changed to `!ht'.

) [61 <./images/results_exp_6_errors_by_threshold.png>] [62 <./images/results_e
xp_2_distribution_of_pred_proba.png>] [63 <./images/results_exp_6_distribution_
of_pred_proba.png>]
\openout2 = `conclusiones.aux'.

 (./conclusiones.tex

LaTeX Warning: Reference `anexo4:random_img_por_dataset' on page 64 undefined o
n input line 7.

[64


] [65]) [66]
\openout2 = `anexo.aux'.

 (./anexo.tex [67


]
Overfull \hbox (5.52435pt too wide) in paragraph at lines 28--29
\OT1/cmr/m/n/14.4 in-te-grar con otro Soft-ware, pub-licar, sub-li-cen-ciar o v
ender copias
 []


Overfull \hbox (3.68105pt too wide) in paragraph at lines 29--30
[]\OT1/cmr/m/n/14.4 Limitaci^^Son de re-spon-s-abil-i-dad: fi-nal-mente se tien
e un dis-claimer
 []


Overfull \hbox (23.67848pt too wide) in paragraph at lines 35--82
[] 
 []

[68]

LaTeX Warning: `!h' float specifier changed to `!ht'.


LaTeX Warning: Reference `sssec:exp7' on page 69 undefined on input line 98.

) [69] [70] (./main.bbl
Underfull \hbox (badness 3557) in paragraph at lines 15--18
[]\OT1/cmr/m/n/14.4 J. H. Bappy, J. R. Barr, N. Srini-vasan, and A. K.
 []

! Undefined control sequence.
l.40 \newblock \url
                   {https://www.hemnet.se/}, último acceso: 2019-12-08.
The control sequence at the end of the top line
of your error message was never \def'ed. If you have
misspelled it (e.g., `\hobx'), type `I' and the correct
spelling (e.g., `I\hbox'). Otherwise just continue,
and I'll forget about whatever was undefined.

! Undefined control sequence.
l.44 \newblock \url
                   {https://restb.ai/}, último acceso: 2019-12-08.
The control sequence at the end of the top line
of your error message was never \def'ed. If you have
misspelled it (e.g., `\hobx'), type `I' and the correct
spelling (e.g., `I\hbox'). Otherwise just continue,
and I'll forget about whatever was undefined.

[71

]
Underfull \hbox (badness 2980) in paragraph at lines 52--57
[]\OT1/cmr/m/n/14.4 F. Pe-dregosa, G. Varo-quaux, A. Gram-fort, V. Michel,
 []


Underfull \hbox (badness 1902) in paragraph at lines 52--57
\OT1/cmr/m/n/14.4 V. Dubourg, J. Van-der-plas, A. Pas-sos, D. Cour-na-peau,
 []

[72] [73]
! Undefined control sequence.
l.136   \url
            {https://scikit-learn.org/stable/modules/generated/sklearn.metri...
The control sequence at the end of the top line
of your error message was never \def'ed. If you have
misspelled it (e.g., `\hobx'), type `I' and the correct
spelling (e.g., `I\hbox'). Otherwise just continue,
and I'll forget about whatever was undefined.


Underfull \hbox (badness 7722) in paragraph at lines 134--138
[]\OT1/cmr/m/n/14.4 Scikit-learn, \OT1/cmr/m/it/14.4 Bal-anced Ac-cu-racy Score
\OT1/cmr/m/n/14.4 .  https://scikit-
 []


Overfull \hbox (120.24977pt too wide) in paragraph at lines 134--138
\OT1/cmr/m/n/14.4 learn.org/stable/modules/generated/sklearn.metrics.balanced[]
accuracy[]score.html,
 []

) [74] (./main.aux (./portada.aux) (./introduccion.aux)
(./revision_de_antecedentes.aux) (./marco_teorico.aux)
(./definiciones_trabajo.aux) (./analisis_resultados_trabajo.aux)
(./conclusiones.aux) (./anexo.aux))

LaTeX Warning: There were undefined references.

 ) 
Here is how much of TeX's memory you used:
 4670 strings out of 494923
 66904 string characters out of 6180742
 142444 words of memory out of 5000000
 7815 multiletter control sequences out of 15000+600000
 8094 words of font info for 29 fonts, out of 8000000 for 9000
 14 hyphenation exceptions out of 8191
 41i,15n,53p,2021b,348s stack positions out of 5000i,500n,10000p,200000b,80000s
</usr/share/texlive/texmf-dist/fonts/type1/public/amsfonts/cm/cmbx12.pfb></us
r/share/texlive/texmf-dist/fonts/type1/public/amsfonts/cm/cmex10.pfb></usr/shar
e/texlive/texmf-dist/fonts/type1/public/amsfonts/cm/cmmi10.pfb></usr/share/texl
ive/texmf-dist/fonts/type1/public/amsfonts/cm/cmmi12.pfb></usr/share/texlive/te
xmf-dist/fonts/type1/public/amsfonts/cm/cmmi7.pfb></usr/share/texlive/texmf-dis
t/fonts/type1/public/amsfonts/cm/cmr10.pfb></usr/share/texlive/texmf-dist/fonts
/type1/public/amsfonts/cm/cmr12.pfb></usr/share/texlive/texmf-dist/fonts/type1/
public/amsfonts/cm/cmr17.pfb></usr/share/texlive/texmf-dist/fonts/type1/public/
amsfonts/cm/cmr7.pfb></usr/share/texlive/texmf-dist/fonts/type1/public/amsfonts
/cm/cmsy10.pfb></usr/share/texlive/texmf-dist/fonts/type1/public/amsfonts/cm/cm
ti12.pfb>
Output written on main.pdf (75 pages, 7438743 bytes).
PDF statistics:
 337 PDF objects out of 1000 (max. 8388607)
 202 compressed objects within 3 object streams
 0 named destinations out of 1000 (max. 500000)
 131 words of extra memory for PDF output out of 10000 (max. 10000000)

